error: admin-controller [2021-02-19 01:26:06 PM +0530] "BadRequest"
error: admin-controller [2021-02-19 01:26:06 PM +0530] "Unauthorized"
error: admin-controller [2021-02-19 01:26:07 PM +0530] "BadRequest"
error: admin-controller [2021-02-19 01:29:34 PM +0530] "BadRequest"
error: admin-controller [2021-02-19 01:29:34 PM +0530] "Unauthorized"
error: admin-controller [2021-02-19 01:29:35 PM +0530] "BadRequest"
error: admin-controller [2021-02-19 02:24:20 PM +0530] "BadRequest"
error: admin-controller [2021-02-19 02:24:20 PM +0530] "Unauthorized"
error: admin-controller [2021-02-19 02:24:20 PM +0530] [{"message":"\"Email\" must be a valid email","path":["email"],"type":"string.email","context":{"value":"test","invalids":["test"],"label":"Email","key":"email"}}]
error: admin-controller [2021-02-19 02:24:20 PM +0530] "BadRequest"
error: admin-controller [2021-02-19 02:25:11 PM +0530] "BadRequest"
error: admin-controller [2021-02-19 02:25:11 PM +0530] "Unauthorized"
error: admin-controller [2021-02-19 02:25:11 PM +0530] [{"message":"\"Email\" must be a valid email","path":["email"],"type":"string.email","context":{"value":"test","invalids":["test"],"label":"Email","key":"email"}}]
error: admin-controller [2021-02-19 02:25:11 PM +0530] "BadRequest"
error: admin-controller [2021-02-19 02:26:56 PM +0530] "BadRequest"
error: admin-controller [2021-02-19 02:26:56 PM +0530] "Unauthorized"
error: admin-controller [2021-02-19 02:26:56 PM +0530] [{"message":"\"Email\" must be a valid email","path":["email"],"type":"string.email","context":{"value":"test","invalids":["test"],"label":"Email","key":"email"}}]
error: admin-controller [2021-02-19 02:26:56 PM +0530] "BadRequest"
error: admin-controller [2021-02-19 02:27:25 PM +0530] "BadRequest"
error: admin-controller [2021-02-19 02:27:25 PM +0530] "Unauthorized"
error: admin-controller [2021-02-19 02:27:25 PM +0530] [{"message":"\"Email\" must be a valid email","path":["email"],"type":"string.email","context":{"value":"test","invalids":["test"],"label":"Email","key":"email"}}]
error: admin-controller [2021-02-19 02:27:25 PM +0530] "BadRequest"
error: admin-controller [2021-02-19 02:29:30 PM +0530] "BadRequest"
error: admin-controller [2021-02-19 02:29:30 PM +0530] "Unauthorized"
error: admin-controller [2021-02-19 02:29:30 PM +0530] [{"message":"\"Email\" must be a valid email","path":["email"],"type":"string.email","context":{"value":"test","invalids":["test"],"label":"Email","key":"email"}}]
error: admin-controller [2021-02-19 02:29:30 PM +0530] "BadRequest"
error: admin-controller [2021-02-19 02:34:47 PM +0530] "BadRequest"
error: admin-controller [2021-02-19 02:34:47 PM +0530] "Unauthorized"
error: admin-controller [2021-02-19 02:34:47 PM +0530] [{"message":"\"Email\" must be a valid email","path":["email"],"type":"string.email","context":{"value":"test","invalids":["test"],"label":"Email","key":"email"}}]
error: admin-controller [2021-02-19 02:34:47 PM +0530] "BadRequest"
error: admin-controller [2021-02-19 02:34:47 PM +0530] [{"message":"\"Email\" must be a valid email","path":["email"],"type":"string.email","context":{"value":"test","invalids":["test"],"label":"Email","key":"email"}}]
error: admin-controller [2021-02-19 02:36:19 PM +0530] "BadRequest"
error: admin-controller [2021-02-19 02:36:19 PM +0530] "Unauthorized"
error: admin-controller [2021-02-19 02:36:19 PM +0530] [{"message":"\"Email\" must be a valid email","path":["email"],"type":"string.email","context":{"value":"test","invalids":["test"],"label":"Email","key":"email"}}]
error: admin-controller [2021-02-19 02:36:19 PM +0530] "BadRequest"
error: admin-controller [2021-02-19 02:36:19 PM +0530] [{"message":"\"Email\" must be a valid email","path":["email"],"type":"string.email","context":{"value":"test","invalids":["test"],"label":"Email","key":"email"}}]
error: admin-controller [2021-02-19 02:47:50 PM +0530] "BadRequest"
error: admin-controller [2021-02-19 02:47:50 PM +0530] "Unauthorized"
error: admin-controller [2021-02-19 02:47:51 PM +0530] [{"message":"\"Email\" must be a valid email","path":["email"],"type":"string.email","context":{"value":"test","invalids":["test"],"label":"Email","key":"email"}}]
error: admin-controller [2021-02-19 02:47:51 PM +0530] "BadRequest"
error: admin-controller [2021-02-19 02:47:51 PM +0530] [{"message":"\"Email\" must be a valid email","path":["email"],"type":"string.email","context":{"value":"test","invalids":["test"],"label":"Email","key":"email"}}]
error: admin-controller [2021-02-19 02:48:46 PM +0530] "BadRequest"
error: admin-controller [2021-02-19 02:48:46 PM +0530] "Unauthorized"
error: admin-controller [2021-02-19 02:48:46 PM +0530] [{"message":"\"Email\" must be a valid email","path":["email"],"type":"string.email","context":{"value":"test","invalids":["test"],"label":"Email","key":"email"}}]
error: admin-controller [2021-02-19 02:48:46 PM +0530] "BadRequest"
error: admin-controller [2021-02-19 02:48:46 PM +0530] [{"message":"\"Email\" must be a valid email","path":["email"],"type":"string.email","context":{"value":"test","invalids":["test"],"label":"Email","key":"email"}}]
error: admin-controller [2021-02-19 02:51:18 PM +0530] "BadRequest"
error: admin-controller [2021-02-19 02:51:18 PM +0530] "Unauthorized"
error: admin-controller [2021-02-19 02:51:18 PM +0530] [{"message":"\"Email\" must be a valid email","path":["email"],"type":"string.email","context":{"value":"test","invalids":["test"],"label":"Email","key":"email"}}]
error: admin-controller [2021-02-19 02:51:18 PM +0530] "BadRequest"
error: admin-controller [2021-02-19 02:51:18 PM +0530] [{"message":"\"Email\" must be a valid email","path":["email"],"type":"string.email","context":{"value":"test","invalids":["test"],"label":"Email","key":"email"}}]
error: admin-controller [2021-02-19 02:53:45 PM +0530] "BadRequest"
error: admin-controller [2021-02-19 02:53:45 PM +0530] "Unauthorized"
error: admin-controller [2021-02-19 02:53:45 PM +0530] [{"message":"\"Email\" must be a valid email","path":["email"],"type":"string.email","context":{"value":"test","invalids":["test"],"label":"Email","key":"email"}}]
error: admin-controller [2021-02-19 02:53:45 PM +0530] "BadRequest"
error: admin-controller [2021-02-19 02:53:45 PM +0530] "BadRequest"
error: admin-controller [2021-02-19 02:53:45 PM +0530] [{"message":"\"Email\" must be a valid email","path":["email"],"type":"string.email","context":{"value":"test","invalids":["test"],"label":"Email","key":"email"}}]
error: admin-controller [2021-02-19 02:59:18 PM +0530] "BadRequest"
error: admin-controller [2021-02-19 02:59:18 PM +0530] "Unauthorized"
error: admin-controller [2021-02-19 02:59:18 PM +0530] [{"message":"\"Email\" must be a valid email","path":["email"],"type":"string.email","context":{"value":"test","invalids":["test"],"label":"Email","key":"email"}}]
error: admin-controller [2021-02-19 02:59:18 PM +0530] "BadRequest"
error: admin-controller [2021-02-19 02:59:18 PM +0530] [{"message":"\"Email\" must be a valid email","path":["email"],"type":"string.email","context":{"value":"test","invalids":["test"],"label":"Email","key":"email"}}]
error: admin-controller [2021-02-19 03:00:28 PM +0530] "BadRequest"
error: admin-controller [2021-02-19 03:00:28 PM +0530] "Unauthorized"
error: admin-controller [2021-02-19 03:00:28 PM +0530] [{"message":"\"Email\" must be a valid email","path":["email"],"type":"string.email","context":{"value":"test","invalids":["test"],"label":"Email","key":"email"}}]
error: admin-controller [2021-02-19 03:00:28 PM +0530] "BadRequest"
error: admin-controller [2021-02-19 03:00:28 PM +0530] [{"message":"\"Email\" must be a valid email","path":["email"],"type":"string.email","context":{"value":"test","invalids":["test"],"label":"Email","key":"email"}}]
error: admin-controller [2021-02-19 03:00:45 PM +0530] "BadRequest"
error: admin-controller [2021-02-19 03:00:45 PM +0530] "Unauthorized"
error: admin-controller [2021-02-19 03:00:45 PM +0530] [{"message":"\"Email\" must be a valid email","path":["email"],"type":"string.email","context":{"value":"test","invalids":["test"],"label":"Email","key":"email"}}]
error: admin-controller [2021-02-19 03:00:45 PM +0530] "BadRequest"
error: admin-controller [2021-02-19 03:00:45 PM +0530] [{"message":"\"Email\" must be a valid email","path":["email"],"type":"string.email","context":{"value":"test","invalids":["test"],"label":"Email","key":"email"}}]
error: admin-controller [2021-02-19 03:01:20 PM +0530] "BadRequest"
error: admin-controller [2021-02-19 03:01:20 PM +0530] "Unauthorized"
error: admin-controller [2021-02-19 03:01:20 PM +0530] [{"message":"\"Email\" must be a valid email","path":["email"],"type":"string.email","context":{"value":"test","invalids":["test"],"label":"Email","key":"email"}}]
error: admin-controller [2021-02-19 03:01:20 PM +0530] "BadRequest"
error: admin-controller [2021-02-19 03:01:20 PM +0530] [{"message":"\"Email\" must be a valid email","path":["email"],"type":"string.email","context":{"value":"test","invalids":["test"],"label":"Email","key":"email"}}]
error: admin-controller [2021-02-19 03:01:45 PM +0530] "BadRequest"
error: admin-controller [2021-02-19 03:01:45 PM +0530] "Unauthorized"
error: admin-controller [2021-02-19 03:01:45 PM +0530] [{"message":"\"Email\" must be a valid email","path":["email"],"type":"string.email","context":{"value":"test","invalids":["test"],"label":"Email","key":"email"}}]
error: admin-controller [2021-02-19 03:01:45 PM +0530] "BadRequest"
error: admin-controller [2021-02-19 03:01:45 PM +0530] [{"message":"\"Email\" must be a valid email","path":["email"],"type":"string.email","context":{"value":"test","invalids":["test"],"label":"Email","key":"email"}}]
error: admin-controller [2021-02-19 03:08:21 PM +0530] "BadRequest"
error: admin-controller [2021-02-19 03:08:21 PM +0530] "Unauthorized"
error: admin-controller [2021-02-19 03:08:21 PM +0530] [{"message":"\"Email\" must be a valid email","path":["email"],"type":"string.email","context":{"value":"test","invalids":["test"],"label":"Email","key":"email"}}]
error: admin-controller [2021-02-19 03:08:21 PM +0530] "BadRequest"
error: admin-controller [2021-02-19 03:08:21 PM +0530] [{"message":"\"Email\" must be a valid email","path":["email"],"type":"string.email","context":{"value":"test","invalids":["test"],"label":"Email","key":"email"}}]
error: admin-controller [2021-02-19 03:30:41 PM +0530] "BadRequest"
error: admin-controller [2021-02-19 03:30:41 PM +0530] "Unauthorized"
error: admin-controller [2021-02-19 03:30:41 PM +0530] [{"message":"\"Email\" must be a valid email","path":["email"],"type":"string.email","context":{"value":"test","invalids":["test"],"label":"Email","key":"email"}}]
error: admin-controller [2021-02-19 03:30:41 PM +0530] "BadRequest"
error: admin-controller [2021-02-19 03:30:41 PM +0530] [{"message":"\"Email\" must be a valid email","path":["email"],"type":"string.email","context":{"value":"test","invalids":["test"],"label":"Email","key":"email"}}]
error: admin-controller [2021-02-19 03:43:02 PM +0530] "BadRequest"
error: admin-controller [2021-02-19 03:43:03 PM +0530] "Unauthorized"
error: admin-controller [2021-02-19 03:43:03 PM +0530] [{"message":"\"Email\" must be a valid email","path":["email"],"type":"string.email","context":{"value":"test","invalids":["test"],"label":"Email","key":"email"}}]
error: admin-controller [2021-02-19 03:43:03 PM +0530] "BadRequest"
error: admin-controller [2021-02-19 03:43:03 PM +0530] [{"message":"\"Email\" must be a valid email","path":["email"],"type":"string.email","context":{"value":"test","invalids":["test"],"label":"Email","key":"email"}}]
error: admin-controller [2021-02-19 03:43:03 PM +0530] undefined
error: admin-controller [2021-02-19 03:43:03 PM +0530] undefined
error: admin-controller [2021-02-19 03:48:02 PM +0530] "BadRequest"
error: admin-controller [2021-02-19 03:48:02 PM +0530] "Unauthorized"
error: admin-controller [2021-02-19 03:48:02 PM +0530] [{"message":"\"Email\" must be a valid email","path":["email"],"type":"string.email","context":{"value":"test","invalids":["test"],"label":"Email","key":"email"}}]
error: admin-controller [2021-02-19 03:48:03 PM +0530] "BadRequest"
error: admin-controller [2021-02-19 03:48:03 PM +0530] [{"message":"\"Email\" must be a valid email","path":["email"],"type":"string.email","context":{"value":"test","invalids":["test"],"label":"Email","key":"email"}}]
error: admin-controller [2021-02-19 03:48:03 PM +0530] undefined
error: admin-controller [2021-02-19 03:48:03 PM +0530] undefined
error: admin-controller [2021-02-19 03:48:44 PM +0530] "BadRequest"
error: admin-controller [2021-02-19 03:48:44 PM +0530] "Unauthorized"
error: admin-controller [2021-02-19 03:48:44 PM +0530] [{"message":"\"Email\" must be a valid email","path":["email"],"type":"string.email","context":{"value":"test","invalids":["test"],"label":"Email","key":"email"}}]
error: admin-controller [2021-02-19 03:48:45 PM +0530] "BadRequest"
error: admin-controller [2021-02-19 03:48:45 PM +0530] [{"message":"\"Email\" must be a valid email","path":["email"],"type":"string.email","context":{"value":"test","invalids":["test"],"label":"Email","key":"email"}}]
error: admin-controller [2021-02-19 03:48:45 PM +0530] undefined
error: admin-controller [2021-02-19 03:48:45 PM +0530] undefined
error: admin-controller [2021-02-19 03:50:02 PM +0530] "BadRequest"
error: admin-controller [2021-02-19 03:50:02 PM +0530] "Unauthorized"
error: admin-controller [2021-02-19 03:50:02 PM +0530] [{"message":"\"Email\" must be a valid email","path":["email"],"type":"string.email","context":{"value":"test","invalids":["test"],"label":"Email","key":"email"}}]
error: admin-controller [2021-02-19 03:50:03 PM +0530] "BadRequest"
error: admin-controller [2021-02-19 03:50:03 PM +0530] [{"message":"\"Email\" must be a valid email","path":["email"],"type":"string.email","context":{"value":"test","invalids":["test"],"label":"Email","key":"email"}}]
error: admin-controller [2021-02-19 03:50:03 PM +0530] undefined
error: admin-controller [2021-02-19 03:56:01 PM +0530] "BadRequest"
error: admin-controller [2021-02-19 03:56:01 PM +0530] "Unauthorized"
error: admin-controller [2021-02-19 03:56:01 PM +0530] [{"message":"\"Email\" must be a valid email","path":["email"],"type":"string.email","context":{"value":"test","invalids":["test"],"label":"Email","key":"email"}}]
error: admin-controller [2021-02-19 03:56:01 PM +0530] "BadRequest"
error: admin-controller [2021-02-19 03:56:01 PM +0530] [{"message":"\"Email\" must be a valid email","path":["email"],"type":"string.email","context":{"value":"test","invalids":["test"],"label":"Email","key":"email"}}]
error: admin-controller [2021-02-19 03:58:57 PM +0530] "BadRequest"
error: admin-controller [2021-02-19 03:58:57 PM +0530] "Unauthorized"
error: admin-controller [2021-02-19 03:58:58 PM +0530] [{"message":"\"Email\" must be a valid email","path":["email"],"type":"string.email","context":{"value":"test","invalids":["test"],"label":"Email","key":"email"}}]
error: admin-controller [2021-02-19 03:58:58 PM +0530] "BadRequest"
error: admin-controller [2021-02-19 03:58:58 PM +0530] [{"message":"\"Email\" must be a valid email","path":["email"],"type":"string.email","context":{"value":"test","invalids":["test"],"label":"Email","key":"email"}}]
error: admin-controller [2021-02-19 03:59:52 PM +0530] "BadRequest"
error: admin-controller [2021-02-19 03:59:52 PM +0530] "Unauthorized"
error: admin-controller [2021-02-19 03:59:52 PM +0530] [{"message":"\"Email\" must be a valid email","path":["email"],"type":"string.email","context":{"value":"test","invalids":["test"],"label":"Email","key":"email"}}]
error: admin-controller [2021-02-19 03:59:53 PM +0530] "BadRequest"
error: admin-controller [2021-02-19 03:59:53 PM +0530] [{"message":"\"Email\" must be a valid email","path":["email"],"type":"string.email","context":{"value":"test","invalids":["test"],"label":"Email","key":"email"}}]
error: admin-controller [2021-02-19 03:59:53 PM +0530] undefined
error: admin-controller [2021-02-19 03:59:53 PM +0530] undefined
error: admin-controller [2021-02-19 04:34:50 PM +0530] "BadRequest"
error: admin-controller [2021-02-19 04:34:50 PM +0530] "Unauthorized"
error: admin-controller [2021-02-19 04:34:50 PM +0530] [{"message":"\"Email\" must be a valid email","path":["email"],"type":"string.email","context":{"value":"test","invalids":["test"],"label":"Email","key":"email"}}]
error: admin-controller [2021-02-19 04:34:51 PM +0530] "BadRequest"
error: admin-controller [2021-02-19 04:34:51 PM +0530] [{"message":"\"Email\" must be a valid email","path":["email"],"type":"string.email","context":{"value":"test","invalids":["test"],"label":"Email","key":"email"}}]
error: admin-controller [2021-02-19 04:34:51 PM +0530] undefined
error: admin-controller [2021-02-19 04:34:51 PM +0530] undefined
error: admin-controller [2021-02-19 04:35:40 PM +0530] "BadRequest"
error: admin-controller [2021-02-19 04:35:40 PM +0530] "Unauthorized"
error: admin-controller [2021-02-19 04:35:40 PM +0530] [{"message":"\"Email\" must be a valid email","path":["email"],"type":"string.email","context":{"value":"test","invalids":["test"],"label":"Email","key":"email"}}]
error: admin-controller [2021-02-19 04:35:41 PM +0530] "BadRequest"
error: admin-controller [2021-02-19 04:35:41 PM +0530] [{"message":"\"Email\" must be a valid email","path":["email"],"type":"string.email","context":{"value":"test","invalids":["test"],"label":"Email","key":"email"}}]
error: admin-controller [2021-02-19 04:35:41 PM +0530] undefined
error: admin-controller [2021-02-19 04:35:41 PM +0530] undefined
error: admin-controller [2021-02-19 04:35:41 PM +0530] "BadRequest"
error: admin-controller [2021-02-19 04:36:22 PM +0530] "BadRequest"
error: admin-controller [2021-02-19 04:36:22 PM +0530] "Unauthorized"
error: admin-controller [2021-02-19 04:36:22 PM +0530] [{"message":"\"Email\" must be a valid email","path":["email"],"type":"string.email","context":{"value":"test","invalids":["test"],"label":"Email","key":"email"}}]
error: admin-controller [2021-02-19 04:36:22 PM +0530] "BadRequest"
error: admin-controller [2021-02-19 04:36:22 PM +0530] [{"message":"\"Email\" must be a valid email","path":["email"],"type":"string.email","context":{"value":"test","invalids":["test"],"label":"Email","key":"email"}}]
error: admin-controller [2021-02-19 04:36:22 PM +0530] undefined
error: admin-controller [2021-02-19 04:36:22 PM +0530] undefined
error: admin-controller [2021-02-19 04:36:22 PM +0530] "BadRequest"
error: admin-controller [2021-02-19 04:44:48 PM +0530] "BadRequest"
error: admin-controller [2021-02-19 04:44:48 PM +0530] "Unauthorized"
error: admin-controller [2021-02-19 04:44:48 PM +0530] [{"message":"\"Email\" must be a valid email","path":["email"],"type":"string.email","context":{"value":"test","invalids":["test"],"label":"Email","key":"email"}}]
error: admin-controller [2021-02-19 04:44:49 PM +0530] "BadRequest"
error: admin-controller [2021-02-19 04:44:49 PM +0530] [{"message":"\"Email\" must be a valid email","path":["email"],"type":"string.email","context":{"value":"test","invalids":["test"],"label":"Email","key":"email"}}]
error: admin-controller [2021-02-19 04:44:49 PM +0530] undefined
error: admin-controller [2021-02-19 04:44:49 PM +0530] undefined
error: admin-controller [2021-02-19 04:44:49 PM +0530] "BadRequest"
error: admin-controller [2021-02-19 04:45:22 PM +0530] "BadRequest"
error: admin-controller [2021-02-19 04:45:22 PM +0530] "Unauthorized"
error: admin-controller [2021-02-19 04:45:22 PM +0530] [{"message":"\"Email\" must be a valid email","path":["email"],"type":"string.email","context":{"value":"test","invalids":["test"],"label":"Email","key":"email"}}]
error: admin-controller [2021-02-19 04:45:23 PM +0530] "BadRequest"
error: admin-controller [2021-02-19 04:45:23 PM +0530] [{"message":"\"Email\" must be a valid email","path":["email"],"type":"string.email","context":{"value":"test","invalids":["test"],"label":"Email","key":"email"}}]
error: admin-controller [2021-02-19 04:45:23 PM +0530] undefined
error: admin-controller [2021-02-19 04:45:23 PM +0530] undefined
error: admin-controller [2021-02-19 04:45:23 PM +0530] "BadRequest"
error: admin-controller [2021-02-19 04:51:42 PM +0530] "BadRequest"
error: admin-controller [2021-02-19 04:51:42 PM +0530] "Unauthorized"
error: admin-controller [2021-02-19 04:51:42 PM +0530] [{"message":"\"Email\" must be a valid email","path":["email"],"type":"string.email","context":{"value":"test","invalids":["test"],"label":"Email","key":"email"}}]
error: admin-controller [2021-02-19 04:51:42 PM +0530] "BadRequest"
error: admin-controller [2021-02-19 04:51:42 PM +0530] [{"message":"\"Email\" must be a valid email","path":["email"],"type":"string.email","context":{"value":"test","invalids":["test"],"label":"Email","key":"email"}}]
error: admin-controller [2021-02-19 04:51:42 PM +0530] undefined
error: admin-controller [2021-02-19 04:51:43 PM +0530] undefined
error: admin-controller [2021-02-19 04:51:43 PM +0530] "BadRequest"
error: admin-controller [2021-02-19 04:51:43 PM +0530] "BadRequest"
error: admin-controller [2021-02-19 04:51:43 PM +0530] "BadRequest"
error: admin-controller [2021-02-19 04:52:15 PM +0530] "BadRequest"
error: admin-controller [2021-02-19 04:52:15 PM +0530] "Unauthorized"
error: admin-controller [2021-02-19 04:52:15 PM +0530] [{"message":"\"Email\" must be a valid email","path":["email"],"type":"string.email","context":{"value":"test","invalids":["test"],"label":"Email","key":"email"}}]
error: admin-controller [2021-02-19 04:52:15 PM +0530] "BadRequest"
error: admin-controller [2021-02-19 04:52:15 PM +0530] [{"message":"\"Email\" must be a valid email","path":["email"],"type":"string.email","context":{"value":"test","invalids":["test"],"label":"Email","key":"email"}}]
error: admin-controller [2021-02-19 04:52:16 PM +0530] undefined
error: admin-controller [2021-02-19 04:52:16 PM +0530] undefined
error: admin-controller [2021-02-19 04:52:16 PM +0530] "BadRequest"
error: admin-controller [2021-02-19 04:52:16 PM +0530] "BadRequest"
error: admin-controller [2021-02-19 04:52:16 PM +0530] "BadRequest"
error: admin-controller [2021-02-19 04:53:05 PM +0530] "BadRequest"
error: admin-controller [2021-02-19 04:53:05 PM +0530] "Unauthorized"
error: admin-controller [2021-02-19 04:53:05 PM +0530] [{"message":"\"Email\" must be a valid email","path":["email"],"type":"string.email","context":{"value":"test","invalids":["test"],"label":"Email","key":"email"}}]
error: admin-controller [2021-02-19 04:53:06 PM +0530] "BadRequest"
error: admin-controller [2021-02-19 04:53:06 PM +0530] [{"message":"\"Email\" must be a valid email","path":["email"],"type":"string.email","context":{"value":"test","invalids":["test"],"label":"Email","key":"email"}}]
error: admin-controller [2021-02-19 04:53:06 PM +0530] undefined
error: admin-controller [2021-02-19 04:53:06 PM +0530] undefined
error: admin-controller [2021-02-19 04:53:06 PM +0530] "BadRequest"
error: admin-controller [2021-02-19 04:53:06 PM +0530] "BadRequest"
error: admin-controller [2021-02-19 05:26:12 PM +0530] "BadRequest"
error: admin-controller [2021-02-19 05:26:12 PM +0530] "Unauthorized"
error: admin-controller [2021-02-19 05:26:12 PM +0530] [{"message":"\"Email\" must be a valid email","path":["email"],"type":"string.email","context":{"value":"test","invalids":["test"],"label":"Email","key":"email"}}]
error: admin-controller [2021-02-19 05:26:13 PM +0530] "BadRequest"
error: admin-controller [2021-02-19 05:26:13 PM +0530] [{"message":"\"Email\" must be a valid email","path":["email"],"type":"string.email","context":{"value":"test","invalids":["test"],"label":"Email","key":"email"}}]
error: admin-controller [2021-02-19 05:26:13 PM +0530] undefined
error: admin-controller [2021-02-19 05:26:13 PM +0530] undefined
error: admin-controller [2021-02-19 05:26:13 PM +0530] "BadRequest"
error: admin-controller [2021-02-19 05:26:13 PM +0530] "BadRequest"
error: admin-controller [2021-02-19 05:28:51 PM +0530] "BadRequest"
error: admin-controller [2021-02-19 05:28:51 PM +0530] "Unauthorized"
error: admin-controller [2021-02-19 05:28:51 PM +0530] [{"message":"\"Email\" must be a valid email","path":["email"],"type":"string.email","context":{"value":"test","invalids":["test"],"label":"Email","key":"email"}}]
error: admin-controller [2021-02-19 05:28:52 PM +0530] "BadRequest"
error: admin-controller [2021-02-19 05:28:52 PM +0530] [{"message":"\"Email\" must be a valid email","path":["email"],"type":"string.email","context":{"value":"test","invalids":["test"],"label":"Email","key":"email"}}]
error: admin-controller [2021-02-19 05:28:52 PM +0530] undefined
error: admin-controller [2021-02-19 05:28:52 PM +0530] undefined
error: admin-controller [2021-02-19 05:28:52 PM +0530] "BadRequest"
error: admin-controller [2021-02-19 05:28:52 PM +0530] "BadRequest"
error: admin-controller [2021-02-19 05:32:15 PM +0530] "BadRequest"
error: admin-controller [2021-02-19 05:32:15 PM +0530] "Unauthorized"
error: admin-controller [2021-02-19 05:32:15 PM +0530] [{"message":"\"Email\" must be a valid email","path":["email"],"type":"string.email","context":{"value":"test","invalids":["test"],"label":"Email","key":"email"}}]
error: admin-controller [2021-02-19 05:32:16 PM +0530] "BadRequest"
error: admin-controller [2021-02-19 05:32:16 PM +0530] [{"message":"\"Email\" must be a valid email","path":["email"],"type":"string.email","context":{"value":"test","invalids":["test"],"label":"Email","key":"email"}}]
error: admin-controller [2021-02-19 05:32:16 PM +0530] undefined
error: admin-controller [2021-02-19 05:32:16 PM +0530] undefined
error: admin-controller [2021-02-19 05:32:16 PM +0530] "BadRequest"
error: admin-controller [2021-02-19 05:32:16 PM +0530] "BadRequest"
error: admin-controller [2021-02-19 05:32:16 PM +0530] undefined
error: admin-controller [2021-02-19 05:37:13 PM +0530] "BadRequest"
error: admin-controller [2021-02-19 05:37:13 PM +0530] "Unauthorized"
error: admin-controller [2021-02-19 05:37:13 PM +0530] [{"message":"\"Email\" must be a valid email","path":["email"],"type":"string.email","context":{"value":"test","invalids":["test"],"label":"Email","key":"email"}}]
error: admin-controller [2021-02-19 05:37:14 PM +0530] "BadRequest"
error: admin-controller [2021-02-19 05:37:14 PM +0530] [{"message":"\"Email\" must be a valid email","path":["email"],"type":"string.email","context":{"value":"test","invalids":["test"],"label":"Email","key":"email"}}]
error: admin-controller [2021-02-19 05:37:14 PM +0530] undefined
error: admin-controller [2021-02-19 05:37:14 PM +0530] undefined
error: admin-controller [2021-02-19 05:37:14 PM +0530] "BadRequest"
error: admin-controller [2021-02-19 05:37:14 PM +0530] "BadRequest"
error: admin-controller [2021-02-19 05:37:14 PM +0530] undefined
error: admin-controller [2021-02-19 05:37:14 PM +0530] "BadRequest"
error: admin-controller [2021-02-19 05:38:20 PM +0530] "BadRequest"
error: admin-controller [2021-02-19 05:38:20 PM +0530] "Unauthorized"
error: admin-controller [2021-02-19 05:38:20 PM +0530] [{"message":"\"Email\" must be a valid email","path":["email"],"type":"string.email","context":{"value":"test","invalids":["test"],"label":"Email","key":"email"}}]
error: admin-controller [2021-02-19 05:38:21 PM +0530] "BadRequest"
error: admin-controller [2021-02-19 05:38:21 PM +0530] [{"message":"\"Email\" must be a valid email","path":["email"],"type":"string.email","context":{"value":"test","invalids":["test"],"label":"Email","key":"email"}}]
error: admin-controller [2021-02-19 05:38:21 PM +0530] undefined
error: admin-controller [2021-02-19 05:38:21 PM +0530] undefined
error: admin-controller [2021-02-19 05:38:21 PM +0530] "BadRequest"
error: admin-controller [2021-02-19 05:38:21 PM +0530] "BadRequest"
error: admin-controller [2021-02-19 05:38:21 PM +0530] undefined
error: admin-controller [2021-02-19 05:38:21 PM +0530] "BadRequest"
error: admin-controller [2021-02-19 05:38:21 PM +0530] "BadRequest"
error: admin-controller [2021-02-19 05:39:47 PM +0530] "BadRequest"
error: admin-controller [2021-02-19 05:39:47 PM +0530] "Unauthorized"
error: admin-controller [2021-02-19 05:39:48 PM +0530] [{"message":"\"Email\" must be a valid email","path":["email"],"type":"string.email","context":{"value":"test","invalids":["test"],"label":"Email","key":"email"}}]
error: admin-controller [2021-02-19 05:39:48 PM +0530] "BadRequest"
error: admin-controller [2021-02-19 05:39:48 PM +0530] [{"message":"\"Email\" must be a valid email","path":["email"],"type":"string.email","context":{"value":"test","invalids":["test"],"label":"Email","key":"email"}}]
error: admin-controller [2021-02-19 05:39:48 PM +0530] undefined
error: admin-controller [2021-02-19 05:39:48 PM +0530] undefined
error: admin-controller [2021-02-19 05:39:48 PM +0530] "BadRequest"
error: admin-controller [2021-02-19 05:39:48 PM +0530] "BadRequest"
error: admin-controller [2021-02-19 05:39:48 PM +0530] undefined
error: admin-controller [2021-02-19 05:39:48 PM +0530] "BadRequest"
error: admin-controller [2021-02-19 05:39:48 PM +0530] "BadRequest"
error: admin-controller [2021-02-19 05:39:48 PM +0530] "BadRequest"
error: admin-controller [2021-02-19 05:40:28 PM +0530] "BadRequest"
error: admin-controller [2021-02-19 05:40:28 PM +0530] "Unauthorized"
error: admin-controller [2021-02-19 05:40:28 PM +0530] [{"message":"\"Email\" must be a valid email","path":["email"],"type":"string.email","context":{"value":"test","invalids":["test"],"label":"Email","key":"email"}}]
error: admin-controller [2021-02-19 05:40:29 PM +0530] "BadRequest"
error: admin-controller [2021-02-19 05:40:29 PM +0530] [{"message":"\"Email\" must be a valid email","path":["email"],"type":"string.email","context":{"value":"test","invalids":["test"],"label":"Email","key":"email"}}]
error: admin-controller [2021-02-19 05:40:29 PM +0530] undefined
error: admin-controller [2021-02-19 05:40:29 PM +0530] undefined
error: admin-controller [2021-02-19 05:40:29 PM +0530] "BadRequest"
error: admin-controller [2021-02-19 05:40:29 PM +0530] "BadRequest"
error: admin-controller [2021-02-19 05:40:29 PM +0530] undefined
error: admin-controller [2021-02-19 05:40:29 PM +0530] "BadRequest"
error: admin-controller [2021-02-19 05:40:29 PM +0530] "BadRequest"
error: admin-controller [2021-02-19 05:40:29 PM +0530] "BadRequest"
error: admin-controller [2021-02-19 05:41:53 PM +0530] "BadRequest"
error: admin-controller [2021-02-19 05:41:53 PM +0530] "Unauthorized"
error: admin-controller [2021-02-19 05:41:53 PM +0530] [{"message":"\"Email\" must be a valid email","path":["email"],"type":"string.email","context":{"value":"test","invalids":["test"],"label":"Email","key":"email"}}]
error: admin-controller [2021-02-19 05:41:54 PM +0530] "BadRequest"
error: admin-controller [2021-02-19 05:41:54 PM +0530] [{"message":"\"Email\" must be a valid email","path":["email"],"type":"string.email","context":{"value":"test","invalids":["test"],"label":"Email","key":"email"}}]
error: admin-controller [2021-02-19 05:41:54 PM +0530] undefined
error: admin-controller [2021-02-19 05:41:54 PM +0530] undefined
error: admin-controller [2021-02-19 05:41:54 PM +0530] "BadRequest"
error: admin-controller [2021-02-19 05:41:54 PM +0530] "BadRequest"
error: admin-controller [2021-02-19 05:41:54 PM +0530] undefined
error: admin-controller [2021-02-19 05:41:54 PM +0530] "BadRequest"
error: admin-controller [2021-02-19 05:41:54 PM +0530] "BadRequest"
error: admin-controller [2021-02-19 05:41:54 PM +0530] "BadRequest"
error: admin-controller [2021-02-19 05:50:19 PM +0530] "BadRequest"
error: admin-controller [2021-02-19 05:50:19 PM +0530] "Unauthorized"
error: admin-controller [2021-02-19 05:50:19 PM +0530] [{"message":"\"Email\" must be a valid email","path":["email"],"type":"string.email","context":{"value":"test","invalids":["test"],"label":"Email","key":"email"}}]
error: admin-controller [2021-02-19 05:50:20 PM +0530] "BadRequest"
error: admin-controller [2021-02-19 05:50:20 PM +0530] [{"message":"\"Email\" must be a valid email","path":["email"],"type":"string.email","context":{"value":"test","invalids":["test"],"label":"Email","key":"email"}}]
error: admin-controller [2021-02-19 05:50:20 PM +0530] undefined
error: admin-controller [2021-02-19 05:50:20 PM +0530] undefined
error: admin-controller [2021-02-19 05:50:20 PM +0530] "BadRequest"
error: admin-controller [2021-02-19 05:50:20 PM +0530] "BadRequest"
error: admin-controller [2021-02-19 05:50:20 PM +0530] undefined
error: admin-controller [2021-02-19 05:50:20 PM +0530] "BadRequest"
error: admin-controller [2021-02-19 05:50:20 PM +0530] "BadRequest"
error: admin-controller [2021-02-19 05:50:20 PM +0530] "BadRequest"
error: admin-controller [2021-02-19 05:50:20 PM +0530] undefined
error: admin-controller [2021-02-19 05:50:20 PM +0530] undefined
error: admin-controller [2021-02-19 05:50:20 PM +0530] "InternalServerError"
error: admin-controller [2021-02-19 05:50:20 PM +0530] "InternalServerError"
error: admin-controller [2021-02-19 05:50:20 PM +0530] "InternalServerError"
error: admin-controller [2021-02-19 05:51:32 PM +0530] "BadRequest"
error: admin-controller [2021-02-19 05:51:33 PM +0530] "Unauthorized"
error: admin-controller [2021-02-19 05:51:33 PM +0530] [{"message":"\"Email\" must be a valid email","path":["email"],"type":"string.email","context":{"value":"test","invalids":["test"],"label":"Email","key":"email"}}]
error: admin-controller [2021-02-19 05:51:33 PM +0530] "BadRequest"
error: admin-controller [2021-02-19 05:51:33 PM +0530] [{"message":"\"Email\" must be a valid email","path":["email"],"type":"string.email","context":{"value":"test","invalids":["test"],"label":"Email","key":"email"}}]
error: admin-controller [2021-02-19 05:51:33 PM +0530] undefined
error: admin-controller [2021-02-19 05:51:33 PM +0530] undefined
error: admin-controller [2021-02-19 05:51:33 PM +0530] "BadRequest"
error: admin-controller [2021-02-19 05:51:33 PM +0530] "BadRequest"
error: admin-controller [2021-02-19 05:51:33 PM +0530] "BadRequest"
error: admin-controller [2021-02-19 05:51:33 PM +0530] "BadRequest"
error: admin-controller [2021-02-19 05:51:33 PM +0530] "BadRequest"
error: admin-controller [2021-02-19 05:51:33 PM +0530] "BadRequest"
error: admin-controller [2021-02-19 05:51:33 PM +0530] "BadRequest"
error: admin-controller [2021-02-19 05:51:33 PM +0530] "BadRequest"
error: admin-controller [2021-02-19 05:51:33 PM +0530] "InternalServerError"
error: admin-controller [2021-02-19 05:51:33 PM +0530] "InternalServerError"
error: admin-controller [2021-02-19 05:51:33 PM +0530] "InternalServerError"
error: admin-controller [2021-02-19 05:52:40 PM +0530] "BadRequest"
error: admin-controller [2021-02-19 05:52:40 PM +0530] "Unauthorized"
error: admin-controller [2021-02-19 05:52:40 PM +0530] [{"message":"\"Email\" must be a valid email","path":["email"],"type":"string.email","context":{"value":"test","invalids":["test"],"label":"Email","key":"email"}}]
error: admin-controller [2021-02-19 05:52:41 PM +0530] "BadRequest"
error: admin-controller [2021-02-19 05:52:41 PM +0530] [{"message":"\"Email\" must be a valid email","path":["email"],"type":"string.email","context":{"value":"test","invalids":["test"],"label":"Email","key":"email"}}]
error: admin-controller [2021-02-19 05:52:41 PM +0530] undefined
error: admin-controller [2021-02-19 05:52:41 PM +0530] undefined
error: admin-controller [2021-02-19 05:52:41 PM +0530] "BadRequest"
error: admin-controller [2021-02-19 05:52:41 PM +0530] "BadRequest"
error: admin-controller [2021-02-19 05:52:41 PM +0530] "BadRequest"
error: admin-controller [2021-02-19 05:52:41 PM +0530] "BadRequest"
error: admin-controller [2021-02-19 05:52:41 PM +0530] "BadRequest"
error: admin-controller [2021-02-19 05:52:41 PM +0530] "BadRequest"
error: admin-controller [2021-02-19 05:52:41 PM +0530] "BadRequest"
error: admin-controller [2021-02-19 05:52:41 PM +0530] "InternalServerError"
error: admin-controller [2021-02-19 05:52:41 PM +0530] "InternalServerError"
error: admin-controller [2021-02-19 05:52:41 PM +0530] "InternalServerError"
error: admin-controller [2021-02-19 06:10:53 PM +0530] "BadRequest"
error: admin-controller [2021-02-19 06:10:53 PM +0530] "Unauthorized"
error: admin-controller [2021-02-19 06:10:53 PM +0530] [{"message":"\"Email\" must be a valid email","path":["email"],"type":"string.email","context":{"value":"test","invalids":["test"],"label":"Email","key":"email"}}]
error: admin-controller [2021-02-19 06:10:54 PM +0530] "BadRequest"
error: admin-controller [2021-02-19 06:10:54 PM +0530] [{"message":"\"Email\" must be a valid email","path":["email"],"type":"string.email","context":{"value":"test","invalids":["test"],"label":"Email","key":"email"}}]
error: admin-controller [2021-02-19 06:10:54 PM +0530] undefined
error: admin-controller [2021-02-19 06:10:54 PM +0530] undefined
error: admin-controller [2021-02-19 06:10:54 PM +0530] "BadRequest"
error: admin-controller [2021-02-19 06:10:54 PM +0530] "BadRequest"
error: admin-controller [2021-02-19 06:10:54 PM +0530] "BadRequest"
error: admin-controller [2021-02-19 06:10:54 PM +0530] "BadRequest"
error: admin-controller [2021-02-19 06:10:54 PM +0530] "BadRequest"
error: admin-controller [2021-02-19 06:10:54 PM +0530] "BadRequest"
error: admin-controller [2021-02-19 06:10:54 PM +0530] "BadRequest"
error: admin-controller [2021-02-19 06:10:54 PM +0530] "InternalServerError"
error: admin-controller [2021-02-19 06:10:54 PM +0530] "InternalServerError"
error: admin-controller [2021-02-19 06:10:54 PM +0530] "InternalServerError"
error: admin-controller [2021-02-19 06:10:54 PM +0530] undefined
error: admin-controller [2021-02-19 06:12:03 PM +0530] "BadRequest"
error: admin-controller [2021-02-19 06:12:04 PM +0530] "Unauthorized"
error: admin-controller [2021-02-19 06:12:04 PM +0530] [{"message":"\"Email\" must be a valid email","path":["email"],"type":"string.email","context":{"value":"test","invalids":["test"],"label":"Email","key":"email"}}]
error: admin-controller [2021-02-19 06:12:04 PM +0530] "BadRequest"
error: admin-controller [2021-02-19 06:12:04 PM +0530] [{"message":"\"Email\" must be a valid email","path":["email"],"type":"string.email","context":{"value":"test","invalids":["test"],"label":"Email","key":"email"}}]
error: admin-controller [2021-02-19 06:12:04 PM +0530] undefined
error: admin-controller [2021-02-19 06:12:04 PM +0530] undefined
error: admin-controller [2021-02-19 06:12:04 PM +0530] "BadRequest"
error: admin-controller [2021-02-19 06:12:04 PM +0530] "BadRequest"
error: admin-controller [2021-02-19 06:12:04 PM +0530] "BadRequest"
error: admin-controller [2021-02-19 06:12:04 PM +0530] "BadRequest"
error: admin-controller [2021-02-19 06:12:04 PM +0530] "BadRequest"
error: admin-controller [2021-02-19 06:12:04 PM +0530] "BadRequest"
error: admin-controller [2021-02-19 06:12:04 PM +0530] "BadRequest"
error: admin-controller [2021-02-19 06:12:04 PM +0530] "InternalServerError"
error: admin-controller [2021-02-19 06:12:04 PM +0530] "InternalServerError"
error: admin-controller [2021-02-19 06:12:04 PM +0530] "InternalServerError"
error: admin-controller [2021-02-19 06:12:05 PM +0530] undefined
error: admin-controller [2021-02-19 06:12:58 PM +0530] "BadRequest"
error: admin-controller [2021-02-19 06:12:58 PM +0530] "Unauthorized"
error: admin-controller [2021-02-19 06:12:58 PM +0530] [{"message":"\"Email\" must be a valid email","path":["email"],"type":"string.email","context":{"value":"test","invalids":["test"],"label":"Email","key":"email"}}]
error: admin-controller [2021-02-19 06:12:59 PM +0530] "BadRequest"
error: admin-controller [2021-02-19 06:12:59 PM +0530] [{"message":"\"Email\" must be a valid email","path":["email"],"type":"string.email","context":{"value":"test","invalids":["test"],"label":"Email","key":"email"}}]
error: admin-controller [2021-02-19 06:12:59 PM +0530] undefined
error: admin-controller [2021-02-19 06:12:59 PM +0530] undefined
error: admin-controller [2021-02-19 06:12:59 PM +0530] "BadRequest"
error: admin-controller [2021-02-19 06:12:59 PM +0530] "BadRequest"
error: admin-controller [2021-02-19 06:12:59 PM +0530] "BadRequest"
error: admin-controller [2021-02-19 06:12:59 PM +0530] "BadRequest"
error: admin-controller [2021-02-19 06:12:59 PM +0530] "BadRequest"
error: admin-controller [2021-02-19 06:12:59 PM +0530] "BadRequest"
error: admin-controller [2021-02-19 06:12:59 PM +0530] "BadRequest"
error: admin-controller [2021-02-19 06:12:59 PM +0530] "InternalServerError"
error: admin-controller [2021-02-19 06:12:59 PM +0530] "InternalServerError"
error: admin-controller [2021-02-19 06:12:59 PM +0530] "InternalServerError"
error: admin-controller [2021-02-19 06:12:59 PM +0530] undefined
error: admin-controller [2021-02-19 06:40:12 PM +0530] "BadRequest"
error: admin-controller [2021-02-19 06:40:12 PM +0530] "Unauthorized"
error: admin-controller [2021-02-19 06:40:12 PM +0530] [{"message":"\"Email\" must be a valid email","path":["email"],"type":"string.email","context":{"value":"test","invalids":["test"],"label":"Email","key":"email"}}]
error: admin-controller [2021-02-19 06:40:12 PM +0530] "BadRequest"
error: admin-controller [2021-02-19 06:40:12 PM +0530] [{"message":"\"Email\" must be a valid email","path":["email"],"type":"string.email","context":{"value":"test","invalids":["test"],"label":"Email","key":"email"}}]
error: admin-controller [2021-02-19 06:40:12 PM +0530] undefined
error: admin-controller [2021-02-19 06:40:12 PM +0530] undefined
error: admin-controller [2021-02-19 06:40:12 PM +0530] "BadRequest"
error: admin-controller [2021-02-19 06:40:12 PM +0530] "BadRequest"
error: admin-controller [2021-02-19 06:40:12 PM +0530] "BadRequest"
error: admin-controller [2021-02-19 06:40:12 PM +0530] "BadRequest"
error: admin-controller [2021-02-19 06:40:12 PM +0530] "BadRequest"
error: admin-controller [2021-02-19 06:40:12 PM +0530] "BadRequest"
error: admin-controller [2021-02-19 06:40:12 PM +0530] "BadRequest"
error: admin-controller [2021-02-19 06:40:12 PM +0530] "InternalServerError"
error: admin-controller [2021-02-19 06:40:12 PM +0530] "InternalServerError"
error: admin-controller [2021-02-19 06:40:12 PM +0530] "InternalServerError"
error: admin-controller [2021-02-19 06:40:12 PM +0530] undefined
error: admin-controller [2021-02-19 06:40:12 PM +0530] "BadRequest"
error: admin-controller [2021-02-19 06:43:36 PM +0530] "BadRequest"
error: admin-controller [2021-02-19 06:43:36 PM +0530] "Unauthorized"
error: admin-controller [2021-02-19 06:43:36 PM +0530] [{"message":"\"Email\" must be a valid email","path":["email"],"type":"string.email","context":{"value":"test","invalids":["test"],"label":"Email","key":"email"}}]
error: admin-controller [2021-02-19 06:43:36 PM +0530] "BadRequest"
error: admin-controller [2021-02-19 06:43:36 PM +0530] [{"message":"\"Email\" must be a valid email","path":["email"],"type":"string.email","context":{"value":"test","invalids":["test"],"label":"Email","key":"email"}}]
error: admin-controller [2021-02-19 06:43:36 PM +0530] undefined
error: admin-controller [2021-02-19 06:43:37 PM +0530] undefined
error: admin-controller [2021-02-19 06:43:37 PM +0530] "BadRequest"
error: admin-controller [2021-02-19 06:43:37 PM +0530] "BadRequest"
error: admin-controller [2021-02-19 06:43:37 PM +0530] "BadRequest"
error: admin-controller [2021-02-19 06:43:37 PM +0530] "BadRequest"
error: admin-controller [2021-02-19 06:43:37 PM +0530] "BadRequest"
error: admin-controller [2021-02-19 06:43:37 PM +0530] "BadRequest"
error: admin-controller [2021-02-19 06:43:37 PM +0530] "BadRequest"
error: admin-controller [2021-02-19 06:43:37 PM +0530] "InternalServerError"
error: admin-controller [2021-02-19 06:43:37 PM +0530] "InternalServerError"
error: admin-controller [2021-02-19 06:43:37 PM +0530] "InternalServerError"
error: admin-controller [2021-02-19 06:43:37 PM +0530] undefined
error: admin-controller [2021-02-19 06:43:37 PM +0530] "BadRequest"
error: admin-controller [2021-02-19 06:44:00 PM +0530] "BadRequest"
error: admin-controller [2021-02-19 06:44:00 PM +0530] "Unauthorized"
error: admin-controller [2021-02-19 06:44:01 PM +0530] [{"message":"\"Email\" must be a valid email","path":["email"],"type":"string.email","context":{"value":"test","invalids":["test"],"label":"Email","key":"email"}}]
error: admin-controller [2021-02-19 06:44:01 PM +0530] "BadRequest"
error: admin-controller [2021-02-19 06:44:01 PM +0530] [{"message":"\"Email\" must be a valid email","path":["email"],"type":"string.email","context":{"value":"test","invalids":["test"],"label":"Email","key":"email"}}]
error: admin-controller [2021-02-19 06:44:01 PM +0530] undefined
error: admin-controller [2021-02-19 06:44:01 PM +0530] undefined
error: admin-controller [2021-02-19 06:44:01 PM +0530] "BadRequest"
error: admin-controller [2021-02-19 06:44:01 PM +0530] "BadRequest"
error: admin-controller [2021-02-19 06:44:01 PM +0530] "BadRequest"
error: admin-controller [2021-02-19 06:44:01 PM +0530] "BadRequest"
error: admin-controller [2021-02-19 06:44:01 PM +0530] "BadRequest"
error: admin-controller [2021-02-19 06:44:01 PM +0530] "BadRequest"
error: admin-controller [2021-02-19 06:44:01 PM +0530] "BadRequest"
error: admin-controller [2021-02-19 06:44:01 PM +0530] "InternalServerError"
error: admin-controller [2021-02-19 06:44:01 PM +0530] "InternalServerError"
error: admin-controller [2021-02-19 06:44:01 PM +0530] "InternalServerError"
error: admin-controller [2021-02-19 06:44:01 PM +0530] undefined
error: admin-controller [2021-02-19 06:44:01 PM +0530] "BadRequest"
error: admin-controller [2021-02-19 06:45:07 PM +0530] "BadRequest"
error: admin-controller [2021-02-19 06:45:07 PM +0530] "Unauthorized"
error: admin-controller [2021-02-19 06:45:07 PM +0530] [{"message":"\"Email\" must be a valid email","path":["email"],"type":"string.email","context":{"value":"test","invalids":["test"],"label":"Email","key":"email"}}]
error: admin-controller [2021-02-19 06:45:07 PM +0530] "BadRequest"
error: admin-controller [2021-02-19 06:45:07 PM +0530] [{"message":"\"Email\" must be a valid email","path":["email"],"type":"string.email","context":{"value":"test","invalids":["test"],"label":"Email","key":"email"}}]
error: admin-controller [2021-02-19 06:45:07 PM +0530] undefined
error: admin-controller [2021-02-19 06:45:07 PM +0530] undefined
error: admin-controller [2021-02-19 06:45:07 PM +0530] "BadRequest"
error: admin-controller [2021-02-19 06:45:07 PM +0530] "BadRequest"
error: admin-controller [2021-02-19 06:45:07 PM +0530] "BadRequest"
error: admin-controller [2021-02-19 06:45:07 PM +0530] "BadRequest"
error: admin-controller [2021-02-19 06:45:07 PM +0530] "BadRequest"
error: admin-controller [2021-02-19 06:45:07 PM +0530] "BadRequest"
error: admin-controller [2021-02-19 06:45:07 PM +0530] "BadRequest"
error: admin-controller [2021-02-19 06:45:07 PM +0530] "InternalServerError"
error: admin-controller [2021-02-19 06:45:07 PM +0530] "InternalServerError"
error: admin-controller [2021-02-19 06:45:07 PM +0530] "InternalServerError"
error: admin-controller [2021-02-19 06:45:07 PM +0530] undefined
error: admin-controller [2021-02-19 06:49:15 PM +0530] "BadRequest"
error: admin-controller [2021-02-19 06:49:15 PM +0530] "Unauthorized"
error: admin-controller [2021-02-19 06:49:15 PM +0530] [{"message":"\"Email\" must be a valid email","path":["email"],"type":"string.email","context":{"value":"test","invalids":["test"],"label":"Email","key":"email"}}]
error: admin-controller [2021-02-19 06:49:15 PM +0530] "BadRequest"
error: admin-controller [2021-02-19 06:49:15 PM +0530] [{"message":"\"Email\" must be a valid email","path":["email"],"type":"string.email","context":{"value":"test","invalids":["test"],"label":"Email","key":"email"}}]
error: admin-controller [2021-02-19 06:49:15 PM +0530] undefined
error: admin-controller [2021-02-19 06:49:15 PM +0530] undefined
error: admin-controller [2021-02-19 06:49:15 PM +0530] "BadRequest"
error: admin-controller [2021-02-19 06:49:15 PM +0530] "BadRequest"
error: admin-controller [2021-02-19 06:49:15 PM +0530] "BadRequest"
error: admin-controller [2021-02-19 06:49:15 PM +0530] "BadRequest"
error: admin-controller [2021-02-19 06:49:15 PM +0530] "BadRequest"
error: admin-controller [2021-02-19 06:49:15 PM +0530] "BadRequest"
error: admin-controller [2021-02-19 06:49:15 PM +0530] "BadRequest"
error: admin-controller [2021-02-19 06:49:15 PM +0530] "InternalServerError"
error: admin-controller [2021-02-19 06:49:15 PM +0530] "InternalServerError"
error: admin-controller [2021-02-19 06:49:15 PM +0530] "InternalServerError"
error: admin-controller [2021-02-19 06:49:15 PM +0530] "InternalServerError"
error: admin-controller [2021-02-19 06:49:15 PM +0530] "InternalServerError"
error: admin-controller [2021-02-19 06:49:15 PM +0530] undefined
error: admin-controller [2021-02-19 06:49:15 PM +0530] "BadRequest"
error: admin-controller [2021-02-19 06:49:41 PM +0530] "BadRequest"
error: admin-controller [2021-02-19 06:49:41 PM +0530] "Unauthorized"
error: admin-controller [2021-02-19 06:49:41 PM +0530] [{"message":"\"Email\" must be a valid email","path":["email"],"type":"string.email","context":{"value":"test","invalids":["test"],"label":"Email","key":"email"}}]
error: admin-controller [2021-02-19 06:49:41 PM +0530] "BadRequest"
error: admin-controller [2021-02-19 06:49:41 PM +0530] [{"message":"\"Email\" must be a valid email","path":["email"],"type":"string.email","context":{"value":"test","invalids":["test"],"label":"Email","key":"email"}}]
error: admin-controller [2021-02-19 06:49:41 PM +0530] undefined
error: admin-controller [2021-02-19 06:49:41 PM +0530] undefined
error: admin-controller [2021-02-19 06:49:41 PM +0530] "BadRequest"
error: admin-controller [2021-02-19 06:49:41 PM +0530] "BadRequest"
error: admin-controller [2021-02-19 06:49:41 PM +0530] "BadRequest"
error: admin-controller [2021-02-19 06:49:41 PM +0530] "BadRequest"
error: admin-controller [2021-02-19 06:49:41 PM +0530] "BadRequest"
error: admin-controller [2021-02-19 06:49:41 PM +0530] "BadRequest"
error: admin-controller [2021-02-19 06:49:41 PM +0530] "BadRequest"
error: admin-controller [2021-02-19 06:49:41 PM +0530] "InternalServerError"
error: admin-controller [2021-02-19 06:49:41 PM +0530] "InternalServerError"
error: admin-controller [2021-02-19 06:49:41 PM +0530] "InternalServerError"
error: admin-controller [2021-02-19 06:49:41 PM +0530] "InternalServerError"
error: admin-controller [2021-02-19 06:49:41 PM +0530] "InternalServerError"
error: admin-controller [2021-02-19 06:49:41 PM +0530] undefined
error: admin-controller [2021-02-19 06:49:42 PM +0530] "BadRequest"
error: admin-controller [2021-02-19 06:51:34 PM +0530] "BadRequest"
error: admin-controller [2021-02-19 06:51:34 PM +0530] "Unauthorized"
error: admin-controller [2021-02-19 06:51:34 PM +0530] [{"message":"\"Email\" must be a valid email","path":["email"],"type":"string.email","context":{"value":"test","invalids":["test"],"label":"Email","key":"email"}}]
error: admin-controller [2021-02-19 06:51:34 PM +0530] "BadRequest"
error: admin-controller [2021-02-19 06:51:34 PM +0530] [{"message":"\"Email\" must be a valid email","path":["email"],"type":"string.email","context":{"value":"test","invalids":["test"],"label":"Email","key":"email"}}]
error: admin-controller [2021-02-19 06:51:34 PM +0530] undefined
error: admin-controller [2021-02-19 06:51:34 PM +0530] undefined
error: admin-controller [2021-02-19 06:51:34 PM +0530] "BadRequest"
error: admin-controller [2021-02-19 06:51:34 PM +0530] "BadRequest"
error: admin-controller [2021-02-19 06:51:34 PM +0530] "BadRequest"
error: admin-controller [2021-02-19 06:51:34 PM +0530] "BadRequest"
error: admin-controller [2021-02-19 06:51:34 PM +0530] "BadRequest"
error: admin-controller [2021-02-19 06:51:34 PM +0530] "BadRequest"
error: admin-controller [2021-02-19 06:51:34 PM +0530] "BadRequest"
error: admin-controller [2021-02-19 06:51:34 PM +0530] "InternalServerError"
error: admin-controller [2021-02-19 06:51:34 PM +0530] "InternalServerError"
error: admin-controller [2021-02-19 06:51:34 PM +0530] "InternalServerError"
error: admin-controller [2021-02-19 06:51:34 PM +0530] undefined
error: admin-controller [2021-02-19 06:51:34 PM +0530] "BadRequest"
error: admin-controller [2021-02-19 06:53:47 PM +0530] "BadRequest"
error: admin-controller [2021-02-19 06:53:47 PM +0530] "Unauthorized"
error: admin-controller [2021-02-19 06:53:47 PM +0530] [{"message":"\"Email\" must be a valid email","path":["email"],"type":"string.email","context":{"value":"test","invalids":["test"],"label":"Email","key":"email"}}]
error: admin-controller [2021-02-19 06:53:47 PM +0530] "BadRequest"
error: admin-controller [2021-02-19 06:53:47 PM +0530] [{"message":"\"Email\" must be a valid email","path":["email"],"type":"string.email","context":{"value":"test","invalids":["test"],"label":"Email","key":"email"}}]
error: admin-controller [2021-02-19 06:53:47 PM +0530] undefined
error: admin-controller [2021-02-19 06:53:47 PM +0530] undefined
error: admin-controller [2021-02-19 06:53:47 PM +0530] "BadRequest"
error: admin-controller [2021-02-19 06:53:47 PM +0530] "BadRequest"
error: admin-controller [2021-02-19 06:53:48 PM +0530] "BadRequest"
error: admin-controller [2021-02-19 06:53:48 PM +0530] "BadRequest"
error: admin-controller [2021-02-19 06:53:48 PM +0530] "BadRequest"
error: admin-controller [2021-02-19 06:53:48 PM +0530] "BadRequest"
error: admin-controller [2021-02-19 06:53:48 PM +0530] "BadRequest"
error: admin-controller [2021-02-19 06:53:48 PM +0530] "InternalServerError"
error: admin-controller [2021-02-19 06:53:48 PM +0530] "InternalServerError"
error: admin-controller [2021-02-19 06:53:48 PM +0530] "InternalServerError"
error: admin-controller [2021-02-19 06:53:48 PM +0530] undefined
error: admin-controller [2021-02-19 06:53:48 PM +0530] "BadRequest"
error: admin-controller [2021-02-19 06:53:48 PM +0530] "BadRequest"
error: admin-controller [2021-02-19 06:55:19 PM +0530] "BadRequest"
error: admin-controller [2021-02-19 06:55:19 PM +0530] "Unauthorized"
error: admin-controller [2021-02-19 06:55:19 PM +0530] [{"message":"\"Email\" must be a valid email","path":["email"],"type":"string.email","context":{"value":"test","invalids":["test"],"label":"Email","key":"email"}}]
error: admin-controller [2021-02-19 06:55:19 PM +0530] "BadRequest"
error: admin-controller [2021-02-19 06:55:19 PM +0530] [{"message":"\"Email\" must be a valid email","path":["email"],"type":"string.email","context":{"value":"test","invalids":["test"],"label":"Email","key":"email"}}]
error: admin-controller [2021-02-19 06:55:19 PM +0530] undefined
error: admin-controller [2021-02-19 06:55:19 PM +0530] undefined
error: admin-controller [2021-02-19 06:55:19 PM +0530] "BadRequest"
error: admin-controller [2021-02-19 06:55:19 PM +0530] "BadRequest"
error: admin-controller [2021-02-19 06:55:19 PM +0530] "BadRequest"
error: admin-controller [2021-02-19 06:55:19 PM +0530] "BadRequest"
error: admin-controller [2021-02-19 06:55:19 PM +0530] "BadRequest"
error: admin-controller [2021-02-19 06:55:19 PM +0530] "BadRequest"
error: admin-controller [2021-02-19 06:55:19 PM +0530] "BadRequest"
error: admin-controller [2021-02-19 06:55:19 PM +0530] "InternalServerError"
error: admin-controller [2021-02-19 06:55:19 PM +0530] "InternalServerError"
error: admin-controller [2021-02-19 06:55:19 PM +0530] "InternalServerError"
error: admin-controller [2021-02-19 06:55:19 PM +0530] undefined
error: admin-controller [2021-02-19 06:55:19 PM +0530] "BadRequest"
error: admin-controller [2021-02-19 06:55:19 PM +0530] "BadRequest"
error: admin-controller [2021-02-19 06:55:44 PM +0530] "BadRequest"
error: admin-controller [2021-02-19 06:55:44 PM +0530] "Unauthorized"
error: admin-controller [2021-02-19 06:55:44 PM +0530] [{"message":"\"Email\" must be a valid email","path":["email"],"type":"string.email","context":{"value":"test","invalids":["test"],"label":"Email","key":"email"}}]
error: admin-controller [2021-02-19 06:55:44 PM +0530] "BadRequest"
error: admin-controller [2021-02-19 06:55:44 PM +0530] [{"message":"\"Email\" must be a valid email","path":["email"],"type":"string.email","context":{"value":"test","invalids":["test"],"label":"Email","key":"email"}}]
error: admin-controller [2021-02-19 06:55:44 PM +0530] undefined
error: admin-controller [2021-02-19 06:55:44 PM +0530] undefined
error: admin-controller [2021-02-19 06:55:44 PM +0530] "BadRequest"
error: admin-controller [2021-02-19 06:55:44 PM +0530] "BadRequest"
error: admin-controller [2021-02-19 06:55:44 PM +0530] "BadRequest"
error: admin-controller [2021-02-19 06:55:44 PM +0530] "BadRequest"
error: admin-controller [2021-02-19 06:55:44 PM +0530] "BadRequest"
error: admin-controller [2021-02-19 06:55:44 PM +0530] "BadRequest"
error: admin-controller [2021-02-19 06:55:44 PM +0530] "BadRequest"
error: admin-controller [2021-02-19 06:55:44 PM +0530] "InternalServerError"
error: admin-controller [2021-02-19 06:55:44 PM +0530] "InternalServerError"
error: admin-controller [2021-02-19 06:55:44 PM +0530] "InternalServerError"
error: admin-controller [2021-02-19 06:55:44 PM +0530] undefined
error: admin-controller [2021-02-19 06:55:44 PM +0530] "BadRequest"
error: admin-controller [2021-02-19 06:55:44 PM +0530] "BadRequest"
error: admin-controller [2021-02-19 06:56:14 PM +0530] "BadRequest"
error: admin-controller [2021-02-19 06:56:14 PM +0530] "Unauthorized"
error: admin-controller [2021-02-19 06:56:14 PM +0530] [{"message":"\"Email\" must be a valid email","path":["email"],"type":"string.email","context":{"value":"test","invalids":["test"],"label":"Email","key":"email"}}]
error: admin-controller [2021-02-19 06:56:14 PM +0530] "BadRequest"
error: admin-controller [2021-02-19 06:56:14 PM +0530] [{"message":"\"Email\" must be a valid email","path":["email"],"type":"string.email","context":{"value":"test","invalids":["test"],"label":"Email","key":"email"}}]
error: admin-controller [2021-02-19 06:56:14 PM +0530] undefined
error: admin-controller [2021-02-19 06:56:14 PM +0530] undefined
error: admin-controller [2021-02-19 06:56:14 PM +0530] "BadRequest"
error: admin-controller [2021-02-19 06:56:14 PM +0530] "BadRequest"
error: admin-controller [2021-02-19 06:56:14 PM +0530] "BadRequest"
error: admin-controller [2021-02-19 06:56:14 PM +0530] "BadRequest"
error: admin-controller [2021-02-19 06:56:14 PM +0530] "BadRequest"
error: admin-controller [2021-02-19 06:56:14 PM +0530] "BadRequest"
error: admin-controller [2021-02-19 06:56:14 PM +0530] "BadRequest"
error: admin-controller [2021-02-19 06:56:14 PM +0530] "InternalServerError"
error: admin-controller [2021-02-19 06:56:14 PM +0530] "InternalServerError"
error: admin-controller [2021-02-19 06:56:14 PM +0530] "InternalServerError"
error: admin-controller [2021-02-19 06:56:14 PM +0530] undefined
error: admin-controller [2021-02-19 06:56:14 PM +0530] "BadRequest"
error: admin-controller [2021-02-19 06:57:39 PM +0530] "BadRequest"
error: admin-controller [2021-02-19 06:57:39 PM +0530] "Unauthorized"
error: admin-controller [2021-02-19 06:57:39 PM +0530] [{"message":"\"Email\" must be a valid email","path":["email"],"type":"string.email","context":{"value":"test","invalids":["test"],"label":"Email","key":"email"}}]
error: admin-controller [2021-02-19 06:57:39 PM +0530] "BadRequest"
error: admin-controller [2021-02-19 06:57:39 PM +0530] [{"message":"\"Email\" must be a valid email","path":["email"],"type":"string.email","context":{"value":"test","invalids":["test"],"label":"Email","key":"email"}}]
error: admin-controller [2021-02-19 06:57:39 PM +0530] undefined
error: admin-controller [2021-02-19 06:57:39 PM +0530] undefined
error: admin-controller [2021-02-19 06:57:39 PM +0530] "BadRequest"
error: admin-controller [2021-02-19 06:57:39 PM +0530] "BadRequest"
error: admin-controller [2021-02-19 06:57:39 PM +0530] "BadRequest"
error: admin-controller [2021-02-19 06:57:39 PM +0530] "BadRequest"
error: admin-controller [2021-02-19 06:57:39 PM +0530] "BadRequest"
error: admin-controller [2021-02-19 06:57:39 PM +0530] "BadRequest"
error: admin-controller [2021-02-19 06:57:39 PM +0530] "BadRequest"
error: admin-controller [2021-02-19 06:57:39 PM +0530] "InternalServerError"
error: admin-controller [2021-02-19 06:57:39 PM +0530] "InternalServerError"
error: admin-controller [2021-02-19 06:57:39 PM +0530] "InternalServerError"
error: admin-controller [2021-02-19 06:57:39 PM +0530] undefined
error: admin-controller [2021-02-19 06:57:39 PM +0530] "BadRequest"
error: admin-controller [2021-02-19 06:57:39 PM +0530] "BadRequest"
error: admin-controller [2021-02-19 06:59:56 PM +0530] "BadRequest"
error: admin-controller [2021-02-19 06:59:56 PM +0530] "Unauthorized"
error: admin-controller [2021-02-19 06:59:56 PM +0530] [{"message":"\"Email\" must be a valid email","path":["email"],"type":"string.email","context":{"value":"test","invalids":["test"],"label":"Email","key":"email"}}]
error: admin-controller [2021-02-19 06:59:56 PM +0530] "BadRequest"
error: admin-controller [2021-02-19 06:59:56 PM +0530] [{"message":"\"Email\" must be a valid email","path":["email"],"type":"string.email","context":{"value":"test","invalids":["test"],"label":"Email","key":"email"}}]
error: admin-controller [2021-02-19 06:59:56 PM +0530] undefined
error: admin-controller [2021-02-19 06:59:56 PM +0530] undefined
error: admin-controller [2021-02-19 06:59:56 PM +0530] "BadRequest"
error: admin-controller [2021-02-19 06:59:56 PM +0530] "BadRequest"
error: admin-controller [2021-02-19 06:59:56 PM +0530] "BadRequest"
error: admin-controller [2021-02-19 06:59:56 PM +0530] "BadRequest"
error: admin-controller [2021-02-19 06:59:56 PM +0530] "BadRequest"
error: admin-controller [2021-02-19 06:59:56 PM +0530] "BadRequest"
error: admin-controller [2021-02-19 06:59:56 PM +0530] "BadRequest"
error: admin-controller [2021-02-19 06:59:56 PM +0530] "InternalServerError"
error: admin-controller [2021-02-19 06:59:56 PM +0530] "InternalServerError"
error: admin-controller [2021-02-19 06:59:56 PM +0530] "InternalServerError"
error: admin-controller [2021-02-19 06:59:56 PM +0530] undefined
error: admin-controller [2021-02-19 06:59:56 PM +0530] "BadRequest"
error: admin-controller [2021-02-19 06:59:56 PM +0530] "BadRequest"
error: admin-controller [2021-02-19 07:01:32 PM +0530] "BadRequest"
error: admin-controller [2021-02-19 07:01:32 PM +0530] "Unauthorized"
error: admin-controller [2021-02-19 07:01:32 PM +0530] [{"message":"\"Email\" must be a valid email","path":["email"],"type":"string.email","context":{"value":"test","invalids":["test"],"label":"Email","key":"email"}}]
error: admin-controller [2021-02-19 07:01:32 PM +0530] "BadRequest"
error: admin-controller [2021-02-19 07:01:32 PM +0530] [{"message":"\"Email\" must be a valid email","path":["email"],"type":"string.email","context":{"value":"test","invalids":["test"],"label":"Email","key":"email"}}]
error: admin-controller [2021-02-19 07:01:32 PM +0530] undefined
error: admin-controller [2021-02-19 07:01:32 PM +0530] undefined
error: admin-controller [2021-02-19 07:01:32 PM +0530] "BadRequest"
error: admin-controller [2021-02-19 07:01:32 PM +0530] "BadRequest"
error: admin-controller [2021-02-19 07:01:32 PM +0530] "BadRequest"
error: admin-controller [2021-02-19 07:01:32 PM +0530] "BadRequest"
error: admin-controller [2021-02-19 07:01:32 PM +0530] "BadRequest"
error: admin-controller [2021-02-19 07:01:32 PM +0530] "BadRequest"
error: admin-controller [2021-02-19 07:01:32 PM +0530] "BadRequest"
error: admin-controller [2021-02-19 07:01:32 PM +0530] "InternalServerError"
error: admin-controller [2021-02-19 07:01:32 PM +0530] "InternalServerError"
error: admin-controller [2021-02-19 07:01:32 PM +0530] "InternalServerError"
error: admin-controller [2021-02-19 07:01:32 PM +0530] undefined
error: admin-controller [2021-02-19 07:01:32 PM +0530] "BadRequest"
error: admin-controller [2021-02-19 07:01:32 PM +0530] "BadRequest"
error: admin-controller [2021-02-19 07:08:23 PM +0530] "BadRequest"
error: admin-controller [2021-02-19 07:08:23 PM +0530] "Unauthorized"
error: admin-controller [2021-02-19 07:08:23 PM +0530] [{"message":"\"Email\" must be a valid email","path":["email"],"type":"string.email","context":{"value":"test","invalids":["test"],"label":"Email","key":"email"}}]
error: admin-controller [2021-02-19 07:08:23 PM +0530] "BadRequest"
error: admin-controller [2021-02-19 07:08:23 PM +0530] [{"message":"\"Email\" must be a valid email","path":["email"],"type":"string.email","context":{"value":"test","invalids":["test"],"label":"Email","key":"email"}}]
error: admin-controller [2021-02-19 07:08:23 PM +0530] undefined
error: admin-controller [2021-02-19 07:08:23 PM +0530] undefined
error: admin-controller [2021-02-19 07:08:23 PM +0530] "BadRequest"
error: admin-controller [2021-02-19 07:08:23 PM +0530] "BadRequest"
error: admin-controller [2021-02-19 07:08:23 PM +0530] "BadRequest"
error: admin-controller [2021-02-19 07:08:23 PM +0530] "BadRequest"
error: admin-controller [2021-02-19 07:08:23 PM +0530] "BadRequest"
error: admin-controller [2021-02-19 07:08:23 PM +0530] "BadRequest"
error: admin-controller [2021-02-19 07:08:23 PM +0530] "BadRequest"
error: admin-controller [2021-02-19 07:08:23 PM +0530] "InternalServerError"
error: admin-controller [2021-02-19 07:08:23 PM +0530] "InternalServerError"
error: admin-controller [2021-02-19 07:08:23 PM +0530] "InternalServerError"
error: admin-controller [2021-02-19 07:08:23 PM +0530] undefined
error: admin-controller [2021-02-19 07:08:23 PM +0530] "BadRequest"
error: admin-controller [2021-02-19 07:08:23 PM +0530] "BadRequest"
error: admin-controller [2021-02-19 07:08:23 PM +0530] "BadRequest"
error: admin-controller [2021-02-19 07:08:23 PM +0530] "BadRequest"
